# JRE version: OpenJDK Runtime Environment Temurin-17.0.4+8 (17.0.4+8) (build 17.0.4+8)
# Java VM: OpenJDK 64-Bit Server VM Temurin-17.0.4+8 (17.0.4+8, mixed mode, tiered, compressed oops, compressed class ptrs, parallel gc, windows-amd64)
GC Precious Log:
 CPUs: 4 total, 4 available
 Memory: 8073M
 Large Page Support: Disabled
 NUMA Support: Disabled
 Compressed Oops: Enabled (32-bit)
 Alignments: Space 512K, Generation 512K, Heap 2M
 Heap Min Capacity: 100M
 Heap Initial Capacity: 100M
 Heap Max Capacity: 1G
 Pre-touch: Disabled
 Parallel Workers: 4
Heap:
 PSYoungGen      total 7168K, used 1523K [0x00000000eab00000, 0x00000000eb880000, 0x0000000100000000)
  eden space 5632K, 0% used [0x00000000eab00000,0x00000000eab00000,0x00000000eae00000)
  from space 1536K, 99% used [0x00000000eb200000,0x00000000eb37cd90,0x00000000eb380000)
  to   space 4096K, 0% used [0x00000000eae00000,0x00000000eae00000,0x00000000eb200000)
 ParOldGen       total 233472K, used 173402K [0x00000000c0000000, 0x00000000ce400000, 0x00000000eab00000)
  object space 233472K, 74% used [0x00000000c0000000,0x00000000ca956870,0x00000000ce400000)
 Metaspace       used 69958K, committed 71040K, reserved 1114112K
  class space    used 7324K, committed 7808K, reserved 1048576K
GC Heap History (20 events):
Event: 221.993 GC heap before
{Heap before GC invocations=255 (full 12):
 PSYoungGen      total 7168K, used 4606K [0x00000000eab00000, 0x00000000eb500000, 0x0000000100000000)
  eden space 4608K, 99% used [0x00000000eab00000,0x00000000eaf7f878,0x00000000eaf80000)
  from space 2560K, 0% used [0x00000000eaf80000,0x00000000eaf80000,0x00000000eb200000)
  to   space 2560K, 0% used [0x00000000eb280000,0x00000000eb280000,0x00000000eb500000)
 ParOldGen       total 233472K, used 165507K [0x00000000c0000000, 0x00000000ce400000, 0x00000000eab00000)
  object space 233472K, 70% used [0x00000000c0000000,0x00000000ca1a0db0,0x00000000ce400000)
 Metaspace       used 69317K, committed 70464K, reserved 1114112K
  class space    used 7290K, committed 7808K, reserved 1048576K
}
Event: 221.996 GC heap after
{Heap after GC invocations=255 (full 12):
 PSYoungGen      total 6144K, used 736K [0x00000000eab00000, 0x00000000eb380000, 0x0000000100000000)
  eden space 5120K, 0% used [0x00000000eab00000,0x00000000eab00000,0x00000000eb000000)
  from space 1024K, 71% used [0x00000000eb280000,0x00000000eb338000,0x00000000eb380000)
  to   space 1536K, 0% used [0x00000000eb080000,0x00000000eb080000,0x00000000eb200000)
 ParOldGen       total 233472K, used 165507K [0x00000000c0000000, 0x00000000ce400000, 0x00000000eab00000)
  object space 233472K, 70% used [0x00000000c0000000,0x00000000ca1a0db0,0x00000000ce400000)
 Metaspace       used 69317K, committed 70464K, reserved 1114112K
  class space    used 7290K, committed 7808K, reserved 1048576K
}
Event: 222.094 GC heap before
{Heap before GC invocations=256 (full 12):
 PSYoungGen      total 6144K, used 5044K [0x00000000eab00000, 0x00000000eb380000, 0x0000000100000000)
  eden space 5120K, 84% used [0x00000000eab00000,0x00000000eaf35270,0x00000000eb000000)
  from space 1024K, 71% used [0x00000000eb280000,0x00000000eb338000,0x00000000eb380000)
  to   space 1536K, 0% used [0x00000000eb080000,0x00000000eb080000,0x00000000eb200000)
 ParOldGen       total 233472K, used 165507K [0x00000000c0000000, 0x00000000ce400000, 0x00000000eab00000)
  object space 233472K, 70% used [0x00000000c0000000,0x00000000ca1a0db0,0x00000000ce400000)
 Metaspace       used 69384K, committed 70528K, reserved 1114112K
  class space    used 7291K, committed 7808K, reserved 1048576K
}
Event: 222.095 GC heap after
{Heap after GC invocations=256 (full 12):
 PSYoungGen      total 6656K, used 608K [0x00000000eab00000, 0x00000000eb300000, 0x0000000100000000)
  eden space 5120K, 0% used [0x00000000eab00000,0x00000000eab00000,0x00000000eb000000)
  from space 1536K, 39% used [0x00000000eb080000,0x00000000eb118000,0x00000000eb200000)
  to   space 1024K, 0% used [0x00000000eb200000,0x00000000eb200000,0x00000000eb300000)
 ParOldGen       total 233472K, used 165515K [0x00000000c0000000, 0x00000000ce400000, 0x00000000eab00000)
  object space 233472K, 70% used [0x00000000c0000000,0x00000000ca1a2db0,0x00000000ce400000)
 Metaspace       used 69384K, committed 70528K, reserved 1114112K
  class space    used 7291K, committed 7808K, reserved 1048576K
}
Event: 222.114 GC heap before
{Heap before GC invocations=257 (full 12):
 PSYoungGen      total 6656K, used 5690K [0x00000000eab00000, 0x00000000eb300000, 0x0000000100000000)
  eden space 5120K, 99% used [0x00000000eab00000,0x00000000eaff6a00,0x00000000eb000000)
  from space 1536K, 39% used [0x00000000eb080000,0x00000000eb118000,0x00000000eb200000)
  to   space 1024K, 0% used [0x00000000eb200000,0x00000000eb200000,0x00000000eb300000)
 ParOldGen       total 233472K, used 165515K [0x00000000c0000000, 0x00000000ce400000, 0x00000000eab00000)
  object space 233472K, 70% used [0x00000000c0000000,0x00000000ca1a2db0,0x00000000ce400000)
 Metaspace       used 69405K, committed 70528K, reserved 1114112K
  class space    used 7291K, committed 7808K, reserved 1048576K
}
Event: 222.116 GC heap after
{Heap after GC invocations=257 (full 12):
 PSYoungGen      total 6656K, used 940K [0x00000000eab00000, 0x00000000eb300000, 0x0000000100000000)
  eden space 5632K, 0% used [0x00000000eab00000,0x00000000eab00000,0x00000000eb080000)
  from space 1024K, 91% used [0x00000000eb200000,0x00000000eb2eb238,0x00000000eb300000)
  to   space 1024K, 0% used [0x00000000eb100000,0x00000000eb100000,0x00000000eb200000)
 ParOldGen       total 233472K, used 167326K [0x00000000c0000000, 0x00000000ce400000, 0x00000000eab00000)
  object space 233472K, 71% used [0x00000000c0000000,0x00000000ca367a60,0x00000000ce400000)
 Metaspace       used 69405K, committed 70528K, reserved 1114112K
  class space    used 7291K, committed 7808K, reserved 1048576K
}
Event: 222.232 GC heap before
{Heap before GC invocations=258 (full 12):
 PSYoungGen      total 6656K, used 5965K [0x00000000eab00000, 0x00000000eb300000, 0x0000000100000000)
  eden space 5632K, 89% used [0x00000000eab00000,0x00000000eafe84f8,0x00000000eb080000)
  from space 1024K, 91% used [0x00000000eb200000,0x00000000eb2eb238,0x00000000eb300000)
  to   space 1024K, 0% used [0x00000000eb100000,0x00000000eb100000,0x00000000eb200000)
 ParOldGen       total 233472K, used 167326K [0x00000000c0000000, 0x00000000ce400000, 0x00000000eab00000)
  object space 233472K, 71% used [0x00000000c0000000,0x00000000ca367a60,0x00000000ce400000)
 Metaspace       used 69479K, committed 70656K, reserved 1114112K
  class space    used 7291K, committed 7808K, reserved 1048576K
}
Event: 222.233 GC heap after
{Heap after GC invocations=258 (full 12):
 PSYoungGen      total 6656K, used 736K [0x00000000eab00000, 0x00000000eb280000, 0x0000000100000000)
  eden space 5632K, 0% used [0x00000000eab00000,0x00000000eab00000,0x00000000eb080000)
  from space 1024K, 71% used [0x00000000eb100000,0x00000000eb1b8000,0x00000000eb200000)
  to   space 512K, 0% used [0x00000000eb200000,0x00000000eb200000,0x00000000eb280000)
 ParOldGen       total 233472K, used 167334K [0x00000000c0000000, 0x00000000ce400000, 0x00000000eab00000)
  object space 233472K, 71% used [0x00000000c0000000,0x00000000ca369a60,0x00000000ce400000)
 Metaspace       used 69479K, committed 70656K, reserved 1114112K
  class space    used 7291K, committed 7808K, reserved 1048576K
}
Event: 222.298 GC heap before
{Heap before GC invocations=259 (full 12):
 PSYoungGen      total 6656K, used 5029K [0x00000000eab00000, 0x00000000eb280000, 0x0000000100000000)
  eden space 5632K, 76% used [0x00000000eab00000,0x00000000eaf317a8,0x00000000eb080000)
  from space 1024K, 71% used [0x00000000eb100000,0x00000000eb1b8000,0x00000000eb200000)
  to   space 512K, 0% used [0x00000000eb200000,0x00000000eb200000,0x00000000eb280000)
 ParOldGen       total 233472K, used 167334K [0x00000000c0000000, 0x00000000ce400000, 0x00000000eab00000)
  object space 233472K, 71% used [0x00000000c0000000,0x00000000ca369a60,0x00000000ce400000)
 Metaspace       used 69511K, committed 70656K, reserved 1114112K
  class space    used 7291K, committed 7808K, reserved 1048576K
}
Event: 222.299 GC heap after
{Heap after GC invocations=259 (full 12):
 PSYoungGen      total 6144K, used 512K [0x00000000eab00000, 0x00000000eb280000, 0x0000000100000000)
  eden space 5632K, 0% used [0x00000000eab00000,0x00000000eab00000,0x00000000eb080000)
  from space 512K, 100% used [0x00000000eb200000,0x00000000eb280000,0x00000000eb280000)
  to   space 1024K, 0% used [0x00000000eb080000,0x00000000eb080000,0x00000000eb180000)
 ParOldGen       total 233472K, used 167398K [0x00000000c0000000, 0x00000000ce400000, 0x00000000eab00000)
  object space 233472K, 71% used [0x00000000c0000000,0x00000000ca379a60,0x00000000ce400000)
 Metaspace       used 69511K, committed 70656K, reserved 1114112K
  class space    used 7291K, committed 7808K, reserved 1048576K
}
Event: 222.318 GC heap before
{Heap before GC invocations=260 (full 12):
 PSYoungGen      total 6144K, used 6144K [0x00000000eab00000, 0x00000000eb280000, 0x0000000100000000)
  eden space 5632K, 100% used [0x00000000eab00000,0x00000000eb080000,0x00000000eb080000)
  from space 512K, 100% used [0x00000000eb200000,0x00000000eb280000,0x00000000eb280000)
  to   space 1024K, 0% used [0x00000000eb080000,0x00000000eb080000,0x00000000eb180000)
 ParOldGen       total 233472K, used 167398K [0x00000000c0000000, 0x00000000ce400000, 0x00000000eab00000)
  object space 233472K, 71% used [0x00000000c0000000,0x00000000ca379a60,0x00000000ce400000)
 Metaspace       used 69511K, committed 70656K, reserved 1114112K
  class space    used 7291K, committed 7808K, reserved 1048576K
}
Event: 222.319 GC heap after
{Heap after GC invocations=260 (full 12):
 PSYoungGen      total 6656K, used 672K [0x00000000eab00000, 0x00000000eb280000, 0x0000000100000000)
  eden space 5632K, 0% used [0x00000000eab00000,0x00000000eab00000,0x00000000eb080000)
  from space 1024K, 65% used [0x00000000eb080000,0x00000000eb128000,0x00000000eb180000)
  to   space 1024K, 0% used [0x00000000eb180000,0x00000000eb180000,0x00000000eb280000)
 ParOldGen       total 233472K, used 167398K [0x00000000c0000000, 0x00000000ce400000, 0x00000000eab00000)
  object space 233472K, 71% used [0x00000000c0000000,0x00000000ca379a60,0x00000000ce400000)
 Metaspace       used 69511K, committed 70656K, reserved 1114112K
  class space    used 7291K, committed 7808K, reserved 1048576K
}
Event: 222.408 GC heap before
{Heap before GC invocations=261 (full 12):
 PSYoungGen      total 6656K, used 5145K [0x00000000eab00000, 0x00000000eb280000, 0x0000000100000000)
  eden space 5632K, 79% used [0x00000000eab00000,0x00000000eaf5e7a8,0x00000000eb080000)
  from space 1024K, 65% used [0x00000000eb080000,0x00000000eb128000,0x00000000eb180000)
  to   space 1024K, 0% used [0x00000000eb180000,0x00000000eb180000,0x00000000eb280000)
 ParOldGen       total 233472K, used 167398K [0x00000000c0000000, 0x00000000ce400000, 0x00000000eab00000)
  object space 233472K, 71% used [0x00000000c0000000,0x00000000ca379a60,0x00000000ce400000)
 Metaspace       used 69541K, committed 70656K, reserved 1114112K
  class space    used 7291K, committed 7808K, reserved 1048576K
}
Event: 222.409 GC heap after
{Heap after GC invocations=261 (full 12):
 PSYoungGen      total 6656K, used 704K [0x00000000eab00000, 0x00000000eb280000, 0x0000000100000000)
  eden space 5632K, 0% used [0x00000000eab00000,0x00000000eab00000,0x00000000eb080000)
  from space 1024K, 68% used [0x00000000eb180000,0x00000000eb230000,0x00000000eb280000)
  to   space 1024K, 0% used [0x00000000eb080000,0x00000000eb080000,0x00000000eb180000)
 ParOldGen       total 233472K, used 167406K [0x00000000c0000000, 0x00000000ce400000, 0x00000000eab00000)
  object space 233472K, 71% used [0x00000000c0000000,0x00000000ca37ba60,0x00000000ce400000)
 Metaspace       used 69541K, committed 70656K, reserved 1114112K
  class space    used 7291K, committed 7808K, reserved 1048576K
}
Event: 222.471 GC heap before
{Heap before GC invocations=262 (full 12):
 PSYoungGen      total 6656K, used 4998K [0x00000000eab00000, 0x00000000eb280000, 0x0000000100000000)
  eden space 5632K, 76% used [0x00000000eab00000,0x00000000eaf31be0,0x00000000eb080000)
  from space 1024K, 68% used [0x00000000eb180000,0x00000000eb230000,0x00000000eb280000)
  to   space 1024K, 0% used [0x00000000eb080000,0x00000000eb080000,0x00000000eb180000)
 ParOldGen       total 233472K, used 167406K [0x00000000c0000000, 0x00000000ce400000, 0x00000000eab00000)
  object space 233472K, 71% used [0x00000000c0000000,0x00000000ca37ba60,0x00000000ce400000)
 Metaspace       used 69591K, committed 70720K, reserved 1114112K
  class space    used 7292K, committed 7808K, reserved 1048576K
}
Event: 222.472 GC heap after
{Heap after GC invocations=262 (full 12):
 PSYoungGen      total 6656K, used 544K [0x00000000eab00000, 0x00000000eb280000, 0x0000000100000000)
  eden space 5632K, 0% used [0x00000000eab00000,0x00000000eab00000,0x00000000eb080000)
  from space 1024K, 53% used [0x00000000eb080000,0x00000000eb108000,0x00000000eb180000)
  to   space 1024K, 0% used [0x00000000eb180000,0x00000000eb180000,0x00000000eb280000)
 ParOldGen       total 233472K, used 167406K [0x00000000c0000000, 0x00000000ce400000, 0x00000000eab00000)
  object space 233472K, 71% used [0x00000000c0000000,0x00000000ca37ba60,0x00000000ce400000)
 Metaspace       used 69591K, committed 70720K, reserved 1114112K
  class space    used 7292K, committed 7808K, reserved 1048576K
}
Event: 222.493 GC heap before
{Heap before GC invocations=263 (full 12):
 PSYoungGen      total 6656K, used 6027K [0x00000000eab00000, 0x00000000eb280000, 0x0000000100000000)
  eden space 5632K, 97% used [0x00000000eab00000,0x00000000eb05ada0,0x00000000eb080000)
  from space 1024K, 53% used [0x00000000eb080000,0x00000000eb108000,0x00000000eb180000)
  to   space 1024K, 0% used [0x00000000eb180000,0x00000000eb180000,0x00000000eb280000)
 ParOldGen       total 233472K, used 167406K [0x00000000c0000000, 0x00000000ce400000, 0x00000000eab00000)
  object space 233472K, 71% used [0x00000000c0000000,0x00000000ca37ba60,0x00000000ce400000)
 Metaspace       used 69630K, committed 70784K, reserved 1114112K
  class space    used 7294K, committed 7808K, reserved 1048576K
}
Event: 222.496 GC heap after
{Heap after GC invocations=263 (full 12):
 PSYoungGen      total 6656K, used 925K [0x00000000eab00000, 0x00000000eb280000, 0x0000000100000000)
  eden space 5632K, 0% used [0x00000000eab00000,0x00000000eab00000,0x00000000eb080000)
  from space 1024K, 90% used [0x00000000eb180000,0x00000000eb267528,0x00000000eb280000)
  to   space 1024K, 0% used [0x00000000eb080000,0x00000000eb080000,0x00000000eb180000)
 ParOldGen       total 233472K, used 169571K [0x00000000c0000000, 0x00000000ce400000, 0x00000000eab00000)
  object space 233472K, 72% used [0x00000000c0000000,0x00000000ca598ce0,0x00000000ce400000)
 Metaspace       used 69630K, committed 70784K, reserved 1114112K
  class space    used 7294K, committed 7808K, reserved 1048576K
}
Event: 222.592 GC heap before
{Heap before GC invocations=264 (full 12):
 PSYoungGen      total 6656K, used 6557K [0x00000000eab00000, 0x00000000eb280000, 0x0000000100000000)
  eden space 5632K, 100% used [0x00000000eab00000,0x00000000eb080000,0x00000000eb080000)
  from space 1024K, 90% used [0x00000000eb180000,0x00000000eb267528,0x00000000eb280000)
  to   space 1024K, 0% used [0x00000000eb080000,0x00000000eb080000,0x00000000eb180000)
 ParOldGen       total 233472K, used 169571K [0x00000000c0000000, 0x00000000ce400000, 0x00000000eab00000)
  object space 233472K, 72% used [0x00000000c0000000,0x00000000ca598ce0,0x00000000ce400000)
 Metaspace       used 69644K, committed 70784K, reserved 1114112K
  class space    used 7296K, committed 7808K, reserved 1048576K
}
Event: 222.594 GC heap after
{Heap after GC invocations=264 (full 12):
 PSYoungGen      total 6656K, used 1024K [0x00000000eab00000, 0x00000000eb380000, 0x0000000100000000)
  eden space 5632K, 0% used [0x00000000eab00000,0x00000000eab00000,0x00000000eb080000)
  from space 1024K, 100% used [0x00000000eb080000,0x00000000eb180000,0x00000000eb180000)
  to   space 1536K, 0% used [0x00000000eb200000,0x00000000eb200000,0x00000000eb380000)
 ParOldGen       total 233472K, used 169771K [0x00000000c0000000, 0x00000000ce400000, 0x00000000eab00000)
  object space 233472K, 72% used [0x00000000c0000000,0x00000000ca5cace0,0x00000000ce400000)
 Metaspace       used 69644K, committed 70784K, reserved 1114112K
  class space    used 7296K, committed 7808K, reserved 1048576K
}

