# JRE version: OpenJDK Runtime Environment Temurin-17.0.4+8 (17.0.4+8) (build 17.0.4+8)
# Java VM: OpenJDK 64-Bit Server VM Temurin-17.0.4+8 (17.0.4+8, mixed mode, tiered, compressed oops, compressed class ptrs, parallel gc, windows-amd64)
GC Precious Log:
 CPUs: 4 total, 4 available
 Memory: 8073M
 Large Page Support: Disabled
 NUMA Support: Disabled
 Compressed Oops: Enabled (32-bit)
 Alignments: Space 512K, Generation 512K, Heap 2M
 Heap Min Capacity: 100M
 Heap Initial Capacity: 100M
 Heap Max Capacity: 1G
 Pre-touch: Disabled
 Parallel Workers: 4
Heap:
 PSYoungGen      total 16384K, used 272K [0x00000000eab00000, 0x00000000ebc80000, 0x0000000100000000)
  eden space 14848K, 0% used [0x00000000eab00000,0x00000000eab00000,0x00000000eb980000)
  from space 1536K, 17% used [0x00000000eb980000,0x00000000eb9c4010,0x00000000ebb00000)
  to   space 1024K, 0% used [0x00000000ebb80000,0x00000000ebb80000,0x00000000ebc80000)
 ParOldGen       total 68608K, used 56776K [0x00000000c0000000, 0x00000000c4300000, 0x00000000eab00000)
  object space 68608K, 82% used [0x00000000c0000000,0x00000000c3772160,0x00000000c4300000)
 Metaspace       used 58863K, committed 59776K, reserved 1105920K
  class space    used 6189K, committed 6592K, reserved 1048576K
GC Heap History (20 events):
Event: 10.658 GC heap after
{Heap after GC invocations=32 (full 2):
 PSYoungGen      total 15872K, used 1006K [0x00000000eab00000, 0x00000000ecb00000, 0x0000000100000000)
  eden space 14848K, 0% used [0x00000000eab00000,0x00000000eab00000,0x00000000eb980000)
  from space 1024K, 98% used [0x00000000ec000000,0x00000000ec0fba10,0x00000000ec100000)
  to   space 6656K, 0% used [0x00000000eb980000,0x00000000eb980000,0x00000000ec000000)
 ParOldGen       total 68608K, used 44675K [0x00000000c0000000, 0x00000000c4300000, 0x00000000eab00000)
  object space 68608K, 65% used [0x00000000c0000000,0x00000000c2ba0f68,0x00000000c4300000)
 Metaspace       used 56592K, committed 57536K, reserved 1105920K
  class space    used 6029K, committed 6400K, reserved 1048576K
}
Event: 10.719 GC heap before
{Heap before GC invocations=33 (full 2):
 PSYoungGen      total 15872K, used 14720K [0x00000000eab00000, 0x00000000ecb00000, 0x0000000100000000)
  eden space 14848K, 92% used [0x00000000eab00000,0x00000000eb864998,0x00000000eb980000)
  from space 1024K, 98% used [0x00000000ec000000,0x00000000ec0fba10,0x00000000ec100000)
  to   space 6656K, 0% used [0x00000000eb980000,0x00000000eb980000,0x00000000ec000000)
 ParOldGen       total 68608K, used 44675K [0x00000000c0000000, 0x00000000c4300000, 0x00000000eab00000)
  object space 68608K, 65% used [0x00000000c0000000,0x00000000c2ba0f68,0x00000000c4300000)
 Metaspace       used 56630K, committed 57536K, reserved 1105920K
  class space    used 6029K, committed 6400K, reserved 1048576K
}
Event: 10.721 GC heap after
{Heap after GC invocations=33 (full 2):
 PSYoungGen      total 16384K, used 1047K [0x00000000eab00000, 0x00000000ec080000, 0x0000000100000000)
  eden space 14848K, 0% used [0x00000000eab00000,0x00000000eab00000,0x00000000eb980000)
  from space 1536K, 68% used [0x00000000eb980000,0x00000000eba85dc0,0x00000000ebb00000)
  to   space 3072K, 0% used [0x00000000ebd80000,0x00000000ebd80000,0x00000000ec080000)
 ParOldGen       total 68608K, used 45683K [0x00000000c0000000, 0x00000000c4300000, 0x00000000eab00000)
  object space 68608K, 66% used [0x00000000c0000000,0x00000000c2c9cd38,0x00000000c4300000)
 Metaspace       used 56630K, committed 57536K, reserved 1105920K
  class space    used 6029K, committed 6400K, reserved 1048576K
}
Event: 10.785 GC heap before
{Heap before GC invocations=34 (full 2):
 PSYoungGen      total 16384K, used 15895K [0x00000000eab00000, 0x00000000ec080000, 0x0000000100000000)
  eden space 14848K, 100% used [0x00000000eab00000,0x00000000eb980000,0x00000000eb980000)
  from space 1536K, 68% used [0x00000000eb980000,0x00000000eba85dc0,0x00000000ebb00000)
  to   space 3072K, 0% used [0x00000000ebd80000,0x00000000ebd80000,0x00000000ec080000)
 ParOldGen       total 68608K, used 45683K [0x00000000c0000000, 0x00000000c4300000, 0x00000000eab00000)
  object space 68608K, 66% used [0x00000000c0000000,0x00000000c2c9cd38,0x00000000c4300000)
 Metaspace       used 56677K, committed 57600K, reserved 1105920K
  class space    used 6039K, committed 6400K, reserved 1048576K
}
Event: 10.789 GC heap after
{Heap after GC invocations=34 (full 2):
 PSYoungGen      total 15872K, used 736K [0x00000000eab00000, 0x00000000ebe80000, 0x0000000100000000)
  eden space 14848K, 0% used [0x00000000eab00000,0x00000000eab00000,0x00000000eb980000)
  from space 1024K, 71% used [0x00000000ebd80000,0x00000000ebe38000,0x00000000ebe80000)
  to   space 1536K, 0% used [0x00000000ebb80000,0x00000000ebb80000,0x00000000ebd00000)
 ParOldGen       total 68608K, used 46652K [0x00000000c0000000, 0x00000000c4300000, 0x00000000eab00000)
  object space 68608K, 67% used [0x00000000c0000000,0x00000000c2d8f240,0x00000000c4300000)
 Metaspace       used 56677K, committed 57600K, reserved 1105920K
  class space    used 6039K, committed 6400K, reserved 1048576K
}
Event: 11.008 GC heap before
{Heap before GC invocations=35 (full 2):
 PSYoungGen      total 15872K, used 15584K [0x00000000eab00000, 0x00000000ebe80000, 0x0000000100000000)
  eden space 14848K, 100% used [0x00000000eab00000,0x00000000eb980000,0x00000000eb980000)
  from space 1024K, 71% used [0x00000000ebd80000,0x00000000ebe38000,0x00000000ebe80000)
  to   space 1536K, 0% used [0x00000000ebb80000,0x00000000ebb80000,0x00000000ebd00000)
 ParOldGen       total 68608K, used 46652K [0x00000000c0000000, 0x00000000c4300000, 0x00000000eab00000)
  object space 68608K, 67% used [0x00000000c0000000,0x00000000c2d8f240,0x00000000c4300000)
 Metaspace       used 57632K, committed 58560K, reserved 1105920K
  class space    used 6118K, committed 6528K, reserved 1048576K
}
Event: 11.013 GC heap after
{Heap after GC invocations=35 (full 2):
 PSYoungGen      total 16384K, used 1522K [0x00000000eab00000, 0x00000000ec080000, 0x0000000100000000)
  eden space 14848K, 0% used [0x00000000eab00000,0x00000000eab00000,0x00000000eb980000)
  from space 1536K, 99% used [0x00000000ebb80000,0x00000000ebcfcb58,0x00000000ebd00000)
  to   space 3584K, 0% used [0x00000000ebd00000,0x00000000ebd00000,0x00000000ec080000)
 ParOldGen       total 68608K, used 48018K [0x00000000c0000000, 0x00000000c4300000, 0x00000000eab00000)
  object space 68608K, 69% used [0x00000000c0000000,0x00000000c2ee4850,0x00000000c4300000)
 Metaspace       used 57632K, committed 58560K, reserved 1105920K
  class space    used 6118K, committed 6528K, reserved 1048576K
}
Event: 11.187 GC heap before
{Heap before GC invocations=36 (full 2):
 PSYoungGen      total 16384K, used 16370K [0x00000000eab00000, 0x00000000ec080000, 0x0000000100000000)
  eden space 14848K, 100% used [0x00000000eab00000,0x00000000eb980000,0x00000000eb980000)
  from space 1536K, 99% used [0x00000000ebb80000,0x00000000ebcfcb58,0x00000000ebd00000)
  to   space 3584K, 0% used [0x00000000ebd00000,0x00000000ebd00000,0x00000000ec080000)
 ParOldGen       total 68608K, used 48018K [0x00000000c0000000, 0x00000000c4300000, 0x00000000eab00000)
  object space 68608K, 69% used [0x00000000c0000000,0x00000000c2ee4850,0x00000000c4300000)
 Metaspace       used 58064K, committed 59072K, reserved 1105920K
  class space    used 6152K, committed 6592K, reserved 1048576K
}
Event: 11.194 GC heap after
{Heap after GC invocations=36 (full 2):
 PSYoungGen      total 16896K, used 1600K [0x00000000eab00000, 0x00000000ebf00000, 0x0000000100000000)
  eden space 14848K, 0% used [0x00000000eab00000,0x00000000eab00000,0x00000000eb980000)
  from space 2048K, 78% used [0x00000000ebd00000,0x00000000ebe90000,0x00000000ebf00000)
  to   space 2560K, 0% used [0x00000000eba00000,0x00000000eba00000,0x00000000ebc80000)
 ParOldGen       total 68608K, used 49493K [0x00000000c0000000, 0x00000000c4300000, 0x00000000eab00000)
  object space 68608K, 72% used [0x00000000c0000000,0x00000000c3055650,0x00000000c4300000)
 Metaspace       used 58064K, committed 59072K, reserved 1105920K
  class space    used 6152K, committed 6592K, reserved 1048576K
}
Event: 11.395 GC heap before
{Heap before GC invocations=37 (full 2):
 PSYoungGen      total 16896K, used 15877K [0x00000000eab00000, 0x00000000ebf00000, 0x0000000100000000)
  eden space 14848K, 96% used [0x00000000eab00000,0x00000000eb8f1690,0x00000000eb980000)
  from space 2048K, 78% used [0x00000000ebd00000,0x00000000ebe90000,0x00000000ebf00000)
  to   space 2560K, 0% used [0x00000000eba00000,0x00000000eba00000,0x00000000ebc80000)
 ParOldGen       total 68608K, used 49493K [0x00000000c0000000, 0x00000000c4300000, 0x00000000eab00000)
  object space 68608K, 72% used [0x00000000c0000000,0x00000000c3055650,0x00000000c4300000)
 Metaspace       used 58276K, committed 59264K, reserved 1105920K
  class space    used 6155K, committed 6592K, reserved 1048576K
}
Event: 11.400 GC heap after
{Heap after GC invocations=37 (full 2):
 PSYoungGen      total 15872K, used 800K [0x00000000eab00000, 0x00000000ebd80000, 0x0000000100000000)
  eden space 14848K, 0% used [0x00000000eab00000,0x00000000eab00000,0x00000000eb980000)
  from space 1024K, 78% used [0x00000000eba00000,0x00000000ebac8000,0x00000000ebb00000)
  to   space 1536K, 0% used [0x00000000ebc00000,0x00000000ebc00000,0x00000000ebd80000)
 ParOldGen       total 68608K, used 50649K [0x00000000c0000000, 0x00000000c4300000, 0x00000000eab00000)
  object space 68608K, 73% used [0x00000000c0000000,0x00000000c3176680,0x00000000c4300000)
 Metaspace       used 58276K, committed 59264K, reserved 1105920K
  class space    used 6155K, committed 6592K, reserved 1048576K
}
Event: 11.530 GC heap before
{Heap before GC invocations=38 (full 2):
 PSYoungGen      total 15872K, used 15648K [0x00000000eab00000, 0x00000000ebd80000, 0x0000000100000000)
  eden space 14848K, 100% used [0x00000000eab00000,0x00000000eb980000,0x00000000eb980000)
  from space 1024K, 78% used [0x00000000eba00000,0x00000000ebac8000,0x00000000ebb00000)
  to   space 1536K, 0% used [0x00000000ebc00000,0x00000000ebc00000,0x00000000ebd80000)
 ParOldGen       total 68608K, used 50649K [0x00000000c0000000, 0x00000000c4300000, 0x00000000eab00000)
  object space 68608K, 73% used [0x00000000c0000000,0x00000000c3176680,0x00000000c4300000)
 Metaspace       used 58385K, committed 59392K, reserved 1105920K
  class space    used 6156K, committed 6592K, reserved 1048576K
}
Event: 11.534 GC heap after
{Heap after GC invocations=38 (full 2):
 PSYoungGen      total 16384K, used 1138K [0x00000000eab00000, 0x00000000ebd80000, 0x0000000100000000)
  eden space 14848K, 0% used [0x00000000eab00000,0x00000000eab00000,0x00000000eb980000)
  from space 1536K, 74% used [0x00000000ebc00000,0x00000000ebd1cab0,0x00000000ebd80000)
  to   space 1536K, 0% used [0x00000000eba80000,0x00000000eba80000,0x00000000ebc00000)
 ParOldGen       total 68608K, used 53005K [0x00000000c0000000, 0x00000000c4300000, 0x00000000eab00000)
  object space 68608K, 77% used [0x00000000c0000000,0x00000000c33c37d8,0x00000000c4300000)
 Metaspace       used 58385K, committed 59392K, reserved 1105920K
  class space    used 6156K, committed 6592K, reserved 1048576K
}
Event: 11.630 GC heap before
{Heap before GC invocations=39 (full 2):
 PSYoungGen      total 16384K, used 15669K [0x00000000eab00000, 0x00000000ebd80000, 0x0000000100000000)
  eden space 14848K, 97% used [0x00000000eab00000,0x00000000eb930ae8,0x00000000eb980000)
  from space 1536K, 74% used [0x00000000ebc00000,0x00000000ebd1cab0,0x00000000ebd80000)
  to   space 1536K, 0% used [0x00000000eba80000,0x00000000eba80000,0x00000000ebc00000)
 ParOldGen       total 68608K, used 53005K [0x00000000c0000000, 0x00000000c4300000, 0x00000000eab00000)
  object space 68608K, 77% used [0x00000000c0000000,0x00000000c33c37d8,0x00000000c4300000)
 Metaspace       used 58539K, committed 59520K, reserved 1105920K
  class space    used 6166K, committed 6592K, reserved 1048576K
}
Event: 11.632 GC heap after
{Heap after GC invocations=39 (full 2):
 PSYoungGen      total 16384K, used 1193K [0x00000000eab00000, 0x00000000ebc80000, 0x0000000100000000)
  eden space 14848K, 0% used [0x00000000eab00000,0x00000000eab00000,0x00000000eb980000)
  from space 1536K, 77% used [0x00000000eba80000,0x00000000ebbaa708,0x00000000ebc00000)
  to   space 512K, 0% used [0x00000000ebc00000,0x00000000ebc00000,0x00000000ebc80000)
 ParOldGen       total 68608K, used 55442K [0x00000000c0000000, 0x00000000c4300000, 0x00000000eab00000)
  object space 68608K, 80% used [0x00000000c0000000,0x00000000c3624b80,0x00000000c4300000)
 Metaspace       used 58539K, committed 59520K, reserved 1105920K
  class space    used 6166K, committed 6592K, reserved 1048576K
}
Event: 11.774 GC heap before
{Heap before GC invocations=40 (full 2):
 PSYoungGen      total 16384K, used 16041K [0x00000000eab00000, 0x00000000ebc80000, 0x0000000100000000)
  eden space 14848K, 99% used [0x00000000eab00000,0x00000000eb97fff0,0x00000000eb980000)
  from space 1536K, 77% used [0x00000000eba80000,0x00000000ebbaa708,0x00000000ebc00000)
  to   space 512K, 0% used [0x00000000ebc00000,0x00000000ebc00000,0x00000000ebc80000)
 ParOldGen       total 68608K, used 55442K [0x00000000c0000000, 0x00000000c4300000, 0x00000000eab00000)
  object space 68608K, 80% used [0x00000000c0000000,0x00000000c3624b80,0x00000000c4300000)
 Metaspace       used 58804K, committed 59776K, reserved 1105920K
  class space    used 6180K, committed 6592K, reserved 1048576K
}
Event: 11.776 GC heap after
{Heap after GC invocations=40 (full 2):
 PSYoungGen      total 15360K, used 512K [0x00000000eab00000, 0x00000000ebc80000, 0x0000000100000000)
  eden space 14848K, 0% used [0x00000000eab00000,0x00000000eab00000,0x00000000eb980000)
  from space 512K, 100% used [0x00000000ebc00000,0x00000000ebc80000,0x00000000ebc80000)
  to   space 1536K, 0% used [0x00000000eb980000,0x00000000eb980000,0x00000000ebb00000)
 ParOldGen       total 68608K, used 56252K [0x00000000c0000000, 0x00000000c4300000, 0x00000000eab00000)
  object space 68608K, 81% used [0x00000000c0000000,0x00000000c36ef150,0x00000000c4300000)
 Metaspace       used 58804K, committed 59776K, reserved 1105920K
  class space    used 6180K, committed 6592K, reserved 1048576K
}
Event: 11.797 GC heap before
{Heap before GC invocations=41 (full 2):
 PSYoungGen      total 15360K, used 1574K [0x00000000eab00000, 0x00000000ebc80000, 0x0000000100000000)
  eden space 14848K, 7% used [0x00000000eab00000,0x00000000eac09828,0x00000000eb980000)
  from space 512K, 100% used [0x00000000ebc00000,0x00000000ebc80000,0x00000000ebc80000)
  to   space 1536K, 0% used [0x00000000eb980000,0x00000000eb980000,0x00000000ebb00000)
 ParOldGen       total 68608K, used 56252K [0x00000000c0000000, 0x00000000c4300000, 0x00000000eab00000)
  object space 68608K, 81% used [0x00000000c0000000,0x00000000c36ef150,0x00000000c4300000)
 Metaspace       used 58863K, committed 59776K, reserved 1105920K
  class space    used 6189K, committed 6592K, reserved 1048576K
}
Event: 11.799 GC heap after
{Heap after GC invocations=41 (full 2):
 PSYoungGen      total 16384K, used 272K [0x00000000eab00000, 0x00000000ebc80000, 0x0000000100000000)
  eden space 14848K, 0% used [0x00000000eab00000,0x00000000eab00000,0x00000000eb980000)
  from space 1536K, 17% used [0x00000000eb980000,0x00000000eb9c4010,0x00000000ebb00000)
  to   space 1024K, 0% used [0x00000000ebb80000,0x00000000ebb80000,0x00000000ebc80000)
 ParOldGen       total 68608K, used 56776K [0x00000000c0000000, 0x00000000c4300000, 0x00000000eab00000)
  object space 68608K, 82% used [0x00000000c0000000,0x00000000c3772160,0x00000000c4300000)
 Metaspace       used 58863K, committed 59776K, reserved 1105920K
  class space    used 6189K, committed 6592K, reserved 1048576K
}
Event: 11.799 GC heap before
{Heap before GC invocations=42 (full 3):
 PSYoungGen      total 16384K, used 272K [0x00000000eab00000, 0x00000000ebc80000, 0x0000000100000000)
  eden space 14848K, 0% used [0x00000000eab00000,0x00000000eab00000,0x00000000eb980000)
  from space 1536K, 17% used [0x00000000eb980000,0x00000000eb9c4010,0x00000000ebb00000)
  to   space 1024K, 0% used [0x00000000ebb80000,0x00000000ebb80000,0x00000000ebc80000)
 ParOldGen       total 68608K, used 56776K [0x00000000c0000000, 0x00000000c4300000, 0x00000000eab00000)
  object space 68608K, 82% used [0x00000000c0000000,0x00000000c3772160,0x00000000c4300000)
 Metaspace       used 58863K, committed 59776K, reserved 1105920K
  class space    used 6189K, committed 6592K, reserved 1048576K
}

